<?xml version="1.0" encoding="UTF-8"?>
<coverage generated="1614610181431" clover="3.2.0">
  <project timestamp="1614610181431" name="All files">
    <metrics statements="30" coveredstatements="24" conditionals="0" coveredconditionals="0" methods="13" coveredmethods="6" elements="43" coveredelements="30" complexity="0" loc="30" ncloc="30" packages="3" files="6" classes="6"/>
    <package name="apps.api.src.app">
      <metrics statements="16" coveredstatements="12" conditionals="0" coveredconditionals="0" methods="8" coveredmethods="4"/>
      <file name="app.controller.ts" path="/Users/jreyes/Documents/GitHub Repos/nxworkspace/apps/api/src/app/app.controller.ts">
        <metrics statements="10" coveredstatements="8" conditionals="0" coveredconditionals="0" methods="4" coveredmethods="2"/>
        <line num="1" count="1" type="stmt"/>
        <line num="3" count="1" type="stmt"/>
        <line num="6" count="1" type="stmt"/>
        <line num="7" count="1" type="stmt"/>
        <line num="10" count="1" type="stmt"/>
        <line num="11" count="1" type="stmt"/>
        <line num="15" count="1" type="stmt"/>
        <line num="16" count="0" type="stmt"/>
        <line num="20" count="1" type="stmt"/>
        <line num="21" count="0" type="stmt"/>
      </file>
      <file name="app.service.ts" path="/Users/jreyes/Documents/GitHub Repos/nxworkspace/apps/api/src/app/app.service.ts">
        <metrics statements="6" coveredstatements="4" conditionals="0" coveredconditionals="0" methods="4" coveredmethods="2"/>
        <line num="1" count="2" type="stmt"/>
        <line num="5" count="2" type="stmt"/>
        <line num="6" count="2" type="stmt"/>
        <line num="9" count="2" type="stmt"/>
        <line num="13" count="0" type="stmt"/>
        <line num="19" count="0" type="stmt"/>
      </file>
    </package>
    <package name="apps.nxsonardemo.src.app">
      <metrics statements="10" coveredstatements="8" conditionals="0" coveredconditionals="0" methods="5" coveredmethods="2"/>
      <file name="app.component.html" path="/Users/jreyes/Documents/GitHub Repos/nxworkspace/apps/nxsonardemo/src/app/app.component.html">
        <metrics statements="1" coveredstatements="1" conditionals="0" coveredconditionals="0" methods="0" coveredmethods="0"/>
        <line num="1" count="1" type="stmt"/>
      </file>
      <file name="app.component.ts" path="/Users/jreyes/Documents/GitHub Repos/nxworkspace/apps/nxsonardemo/src/app/app.component.ts">
        <metrics statements="9" coveredstatements="7" conditionals="0" coveredconditionals="0" methods="5" coveredmethods="2"/>
        <line num="1" count="1" type="stmt"/>
        <line num="2" count="1" type="stmt"/>
        <line num="10" count="1" type="stmt"/>
        <line num="11" count="1" type="stmt"/>
        <line num="13" count="1" type="stmt"/>
        <line num="14" count="1" type="stmt"/>
        <line num="18" count="1" type="stmt"/>
        <line num="22" count="0" type="stmt"/>
        <line num="23" count="0" type="stmt"/>
      </file>
    </package>
    <package name="libs.ui.src.lib.todos">
      <metrics statements="4" coveredstatements="4" conditionals="0" coveredconditionals="0" methods="0" coveredmethods="0"/>
      <file name="todos.component.html" path="/Users/jreyes/Documents/GitHub Repos/nxworkspace/libs/ui/src/lib/todos/todos.component.html">
        <metrics statements="1" coveredstatements="1" conditionals="0" coveredconditionals="0" methods="0" coveredmethods="0"/>
        <line num="1" count="1" type="stmt"/>
      </file>
      <file name="todos.component.ts" path="/Users/jreyes/Documents/GitHub Repos/nxworkspace/libs/ui/src/lib/todos/todos.component.ts">
        <metrics statements="3" coveredstatements="3" conditionals="0" coveredconditionals="0" methods="0" coveredmethods="0"/>
        <line num="1" count="1" type="stmt"/>
        <line num="9" count="1" type="stmt"/>
        <line num="10" count="1" type="stmt"/>
      </file>
    </package>
  </project>
</coverage>
