{"/Users/jreyes/Documents/GitHub Repos/nxworkspace/apps/api/src/app/app.controller.ts": {"path":"/Users/jreyes/Documents/GitHub Repos/nxworkspace/apps/api/src/app/app.controller.ts","statementMap":{"0":{"start":{"line":1,"column":0},"end":{"line":1,"column":55}},"1":{"start":{"line":3,"column":0},"end":{"line":3,"column":43}},"2":{"start":{"line":6,"column":0},"end":{"line":23,"column":null}},"3":{"start":{"line":7,"column":30},"end":{"line":7,"column":42}},"4":{"start":{"line":11,"column":2},"end":{"line":11,"column":35}},"5":{"start":{"line":16,"column":2},"end":{"line":16,"column":35}},"6":{"start":{"line":21,"column":2},"end":{"line":21,"column":36}},"7":{"start":{"line":10,"column":1},"end":{"line":12,"column":null}},"8":{"start":{"line":15,"column":1},"end":{"line":17,"column":null}},"9":{"start":{"line":20,"column":1},"end":{"line":22,"column":null}},"10":{"start":{"line":6,"column":13},"end":{"line":23,"column":null}},"11":{"start":{"line":6,"column":13},"end":{"line":6,"column":26}}},"fnMap":{"0":{"name":"(anonymous_0)","decl":{"start":{"line":7,"column":1},"end":{"line":7,"column":30}},"loc":{"start":{"line":7,"column":52},"end":{"line":7,"column":57}}},"1":{"name":"(anonymous_1)","decl":{"start":{"line":10,"column":1},"end":{"line":10,"column":8}},"loc":{"start":{"line":10,"column":8},"end":{"line":12,"column":2}}},"2":{"name":"(anonymous_2)","decl":{"start":{"line":15,"column":1},"end":{"line":15,"column":8}},"loc":{"start":{"line":15,"column":8},"end":{"line":17,"column":2}}},"3":{"name":"(anonymous_3)","decl":{"start":{"line":20,"column":1},"end":{"line":20,"column":9}},"loc":{"start":{"line":20,"column":9},"end":{"line":22,"column":2}}}},"branchMap":{},"s":{"0":1,"1":1,"2":1,"3":1,"4":1,"5":0,"6":0,"7":1,"8":1,"9":1,"10":1,"11":1},"f":{"0":1,"1":1,"2":0,"3":0},"b":{}}
,"/Users/jreyes/Documents/GitHub Repos/nxworkspace/apps/api/src/app/app.service.ts": {"path":"/Users/jreyes/Documents/GitHub Repos/nxworkspace/apps/api/src/app/app.service.ts","statementMap":{"0":{"start":{"line":1,"column":0},"end":{"line":1,"column":44}},"1":{"start":{"line":5,"column":0},"end":{"line":23,"column":null}},"2":{"start":{"line":6,"column":1},"end":{"line":6,"column":60}},"3":{"start":{"line":9,"column":2},"end":{"line":9,"column":20}},"4":{"start":{"line":13,"column":2},"end":{"line":15,"column":5}},"5":{"start":{"line":19,"column":2},"end":{"line":21,"column":5}},"6":{"start":{"line":5,"column":13},"end":{"line":23,"column":null}},"7":{"start":{"line":5,"column":13},"end":{"line":5,"column":23}}},"fnMap":{"0":{"name":"(anonymous_0)","decl":{"start":{"line":5,"column":0},"end":{"line":5,"column":13}},"loc":{"start":{"line":5,"column":0},"end":{"line":23,"column":1}}},"1":{"name":"(anonymous_1)","decl":{"start":{"line":8,"column":1},"end":{"line":8,"column":8}},"loc":{"start":{"line":8,"column":8},"end":{"line":10,"column":2}}},"2":{"name":"(anonymous_2)","decl":{"start":{"line":12,"column":1},"end":{"line":12,"column":8}},"loc":{"start":{"line":12,"column":8},"end":{"line":16,"column":2}}},"3":{"name":"(anonymous_3)","decl":{"start":{"line":18,"column":1},"end":{"line":18,"column":9}},"loc":{"start":{"line":18,"column":9},"end":{"line":22,"column":2}}}},"branchMap":{},"s":{"0":2,"1":2,"2":2,"3":2,"4":0,"5":0,"6":2,"7":2},"f":{"0":2,"1":2,"2":0,"3":0},"b":{}}
,"/Users/jreyes/Documents/GitHub Repos/nxworkspace/apps/nxsonardemo/src/app/app.component.html": {"path":"/Users/jreyes/Documents/GitHub Repos/nxworkspace/apps/nxsonardemo/src/app/app.component.html","statementMap":{"0":{"start":{"line":1,"column":0},"end":{"line":1,"column":161}}},"fnMap":{},"branchMap":{},"s":{"0":1},"f":{},"b":{},"inputSourceMap":null,"_coverageSchema":"1a1c01bbd47fc00a2c39e90264f33305004495a9","hash":"992647d3cd75d1334cbc4058236bc6c6e0d48231"}
,"/Users/jreyes/Documents/GitHub Repos/nxworkspace/apps/nxsonardemo/src/app/app.component.ts": {"path":"/Users/jreyes/Documents/GitHub Repos/nxworkspace/apps/nxsonardemo/src/app/app.component.ts","statementMap":{"0":{"start":{"line":1,"column":0},"end":{"line":1,"column":50}},"1":{"start":{"line":2,"column":0},"end":{"line":2,"column":42}},"2":{"start":{"line":10,"column":0},"end":{"line":27,"column":null}},"3":{"start":{"line":13,"column":22},"end":{"line":13,"column":28}},"4":{"start":{"line":11,"column":2},"end":{"line":11,"column":21}},"5":{"start":{"line":14,"column":4},"end":{"line":14,"column":17}},"6":{"start":{"line":18,"column":4},"end":{"line":18,"column":75}},"7":{"start":{"line":18,"column":58},"end":{"line":18,"column":72}},"8":{"start":{"line":22,"column":4},"end":{"line":24,"column":7}},"9":{"start":{"line":23,"column":6},"end":{"line":23,"column":19}},"10":{"start":{"line":10,"column":13},"end":{"line":27,"column":null}},"11":{"start":{"line":10,"column":13},"end":{"line":10,"column":25}}},"fnMap":{"0":{"name":"(anonymous_0)","decl":{"start":{"line":13,"column":2},"end":{"line":13,"column":22}},"loc":{"start":{"line":13,"column":38},"end":{"line":15,"column":3}}},"1":{"name":"(anonymous_1)","decl":{"start":{"line":17,"column":2},"end":{"line":17,"column":7}},"loc":{"start":{"line":17,"column":7},"end":{"line":19,"column":3}}},"2":{"name":"(anonymous_2)","decl":{"start":{"line":18,"column":50},"end":{"line":18,"column":51}},"loc":{"start":{"line":18,"column":58},"end":{"line":18,"column":72}}},"3":{"name":"(anonymous_3)","decl":{"start":{"line":21,"column":2},"end":{"line":21,"column":9}},"loc":{"start":{"line":21,"column":9},"end":{"line":25,"column":3}}},"4":{"name":"(anonymous_4)","decl":{"start":{"line":22,"column":49},"end":{"line":22,"column":52}},"loc":{"start":{"line":22,"column":54},"end":{"line":24,"column":5}}}},"branchMap":{},"s":{"0":1,"1":1,"2":1,"3":1,"4":1,"5":1,"6":1,"7":0,"8":0,"9":0,"10":1,"11":1},"f":{"0":1,"1":1,"2":0,"3":0,"4":0},"b":{}}
,"/Users/jreyes/Documents/GitHub Repos/nxworkspace/libs/ui/src/lib/todos/todos.component.html": {"path":"/Users/jreyes/Documents/GitHub Repos/nxworkspace/libs/ui/src/lib/todos/todos.component.html","statementMap":{"0":{"start":{"line":1,"column":0},"end":{"line":1,"column":97}}},"fnMap":{},"branchMap":{},"s":{"0":1},"f":{},"b":{},"inputSourceMap":null,"_coverageSchema":"1a1c01bbd47fc00a2c39e90264f33305004495a9","hash":"ec71f90a49c4a0a0e168cc2985b51bc0a4007155"}
,"/Users/jreyes/Documents/GitHub Repos/nxworkspace/libs/ui/src/lib/todos/todos.component.ts": {"path":"/Users/jreyes/Documents/GitHub Repos/nxworkspace/libs/ui/src/lib/todos/todos.component.ts","statementMap":{"0":{"start":{"line":1,"column":0},"end":{"line":1,"column":49}},"1":{"start":{"line":9,"column":0},"end":{"line":11,"column":null}},"2":{"start":{"line":10,"column":11},"end":{"line":10,"column":null}},"3":{"start":{"line":9,"column":13},"end":{"line":11,"column":null}},"4":{"start":{"line":9,"column":13},"end":{"line":9,"column":27}}},"fnMap":{},"branchMap":{},"s":{"0":1,"1":1,"2":1,"3":1,"4":1},"f":{},"b":{}}
}
