TN:
SF:apps\api\src\app\app.controller.ts
FN:7,(anonymous_0)
FN:10,(anonymous_1)
FN:15,(anonymous_2)
FNF:3
FNH:2
FNDA:1,(anonymous_0)
FNDA:1,(anonymous_1)
FNDA:0,(anonymous_2)
DA:1,1
DA:3,1
DA:6,1
DA:7,1
DA:10,1
DA:11,1
DA:15,1
DA:16,0
LF:8
LH:7
BRF:0
BRH:0
end_of_record
TN:
SF:apps\api\src\app\app.service.ts
FN:5,(anonymous_0)
FN:8,(anonymous_1)
FN:12,(anonymous_2)
FNF:3
FNH:2
FNDA:2,(anonymous_0)
FNDA:2,(anonymous_1)
FNDA:0,(anonymous_2)
DA:1,2
DA:5,2
DA:6,2
DA:9,2
DA:13,0
LF:5
LH:4
BRF:0
BRH:0
end_of_record
TN:
SF:apps\nxsonardemo\src\app\app.component.html
FNF:0
FNH:0
DA:1,1
LF:1
LH:1
BRF:0
BRH:0
end_of_record
TN:
SF:apps\nxsonardemo\src\app\app.component.ts
FN:13,(anonymous_0)
FN:17,(anonymous_1)
FN:18,(anonymous_2)
FN:21,(anonymous_3)
FN:22,(anonymous_4)
FNF:5
FNH:2
FNDA:1,(anonymous_0)
FNDA:1,(anonymous_1)
FNDA:0,(anonymous_2)
FNDA:0,(anonymous_3)
FNDA:0,(anonymous_4)
DA:1,1
DA:2,1
DA:10,1
DA:11,1
DA:13,1
DA:14,1
DA:18,1
DA:22,0
DA:23,0
LF:9
LH:7
BRF:0
BRH:0
end_of_record
TN:
SF:libs\ui\src\lib\todos\todos.component.html
FNF:0
FNH:0
DA:1,1
LF:1
LH:1
BRF:0
BRH:0
end_of_record
TN:
SF:libs\ui\src\lib\todos\todos.component.ts
FNF:0
FNH:0
DA:1,1
DA:9,1
DA:10,1
LF:3
LH:3
BRF:0
BRH:0
end_of_record
